#
# There is insufficient memory for the Java Runtime Environment to continue.
# Native memory allocation (malloc) failed to allocate 1048576 bytes for AllocateHeap
# Possible reasons:
#   The system is out of physical RAM or swap space
#   The process is running with CompressedOops enabled, and the Java Heap may be blocking the growth of the native heap
# Possible solutions:
#   Reduce memory load on the system
#   Increase physical memory or swap space
#   Check if swap backing store is full
#   Decrease Java heap size (-Xmx/-Xms)
#   Decrease number of Java threads
#   Decrease Java thread stack sizes (-Xss)
#   Set larger code cache with -XX:ReservedCodeCacheSize=
#   JVM is running with Unscaled Compressed Oops mode in which the Java heap is
#     placed in the first 4GB address space. The Java Heap base address is the
#     maximum limit for the native heap growth. Please use -XX:HeapBaseMinAddress
#     to set the Java Heap base and to place the Java Heap above 4GB virtual address.
# This output file may be truncated or incomplete.
#
#  Out of Memory Error (allocation.cpp:44), pid=16824, tid=8588
#
# JRE version: OpenJDK Runtime Environment Temurin-17.0.9+9 (17.0.9+9) (build 17.0.9+9)
# Java VM: OpenJDK 64-Bit Server VM Temurin-17.0.9+9 (17.0.9+9, mixed mode, emulated-client, tiered, compressed oops, compressed class ptrs, g1 gc, windows-amd64)
# No core dump will be written. Minidumps are not enabled by default on client versions of Windows
#

---------------  S U M M A R Y ------------

Command Line: -XX:+HeapDumpOnOutOfMemoryError -Xmx1024m -Dsts.lsp.client=vscode -Dsts.log.file=/dev/null -XX:TieredStopAtLevel=1 -Xlog:jni+resolve=off -Dspring.config.location=file:c:\Users\mailc\.vscode\extensions\vmware.vscode-spring-boot-1.51.0\language-server\BOOT-INF\classes\application.properties org.springframework.ide.vscode.boot.app.BootLanguageServerBootApp

Host: 11th Gen Intel(R) Core(TM) i3-1115G4 @ 3.00GHz, 4 cores, 7G,  Windows 11 , 64 bit Build 22621 (10.0.22621.2506)
Time: Wed Jan 24 13:33:29 2024 India Standard Time elapsed time: 2309.474027 seconds (0d 0h 38m 29s)

---------------  T H R E A D  ---------------

Current thread (0x000001f169865c60):  VMThread "VM Thread" [stack: 0x000000ccd7200000,0x000000ccd7300000] [id=8588]

Stack: [0x000000ccd7200000,0x000000ccd7300000]
Native frames: (J=compiled Java code, j=interpreted, Vv=VM code, C=native code)
V  [jvm.dll+0x67cf49]
V  [jvm.dll+0x83478a]
V  [jvm.dll+0x83624e]
V  [jvm.dll+0x8368b3]
V  [jvm.dll+0x247f1f]
V  [jvm.dll+0xa6b4b]
V  [jvm.dll+0x2f8e73]
V  [jvm.dll+0x2f4af0]
V  [jvm.dll+0x2dd0d7]
V  [jvm.dll+0x320357]
V  [jvm.dll+0x83adab]
V  [jvm.dll+0x83baf1]
V  [jvm.dll+0x83c00d]
V  [jvm.dll+0x83c3e4]
V  [jvm.dll+0x83c4b0]
V  [jvm.dll+0x7e3c3a]
V  [jvm.dll+0x67be35]
C  [ucrtbase.dll+0x29363]
C  [KERNEL32.DLL+0x1257d]
C  [ntdll.dll+0x5aa58]

VM_Operation (0x000000ccd84fea90): G1CollectFull, mode: safepoint, requested by thread 0x000001f16e719120


---------------  P R O C E S S  ---------------

Threads class SMR info:
_java_thread_list=0x000001f16f105e50, length=22, elements={
0x000001f169881380, 0x000001f169881e50, 0x000001f1698b3530, 0x000001f1698b5f10,
0x000001f1698b67e0, 0x000001f1699ca890, 0x000001f1699cb160, 0x000001f1699cda80,
0x000001f169bc1d90, 0x000001f169bcace0, 0x000001f16ec71f60, 0x000001f16e719120,
0x000001f16e719600, 0x000001f15f307020, 0x000001f16f25a930, 0x000001f16f1b34d0,
0x000001f16efef800, 0x000001f16efefce0, 0x000001f16e75aa60, 0x000001f16e759b30,
0x000001f16e75a040, 0x000001f16e75a550
}

Java Threads: ( => current thread )
  0x000001f169881380 JavaThread "Reference Handler" daemon [_thread_blocked, id=2380, stack(0x000000ccd7300000,0x000000ccd7400000)]
  0x000001f169881e50 JavaThread "Finalizer" daemon [_thread_blocked, id=26176, stack(0x000000ccd7400000,0x000000ccd7500000)]
  0x000001f1698b3530 JavaThread "Signal Dispatcher" daemon [_thread_blocked, id=23428, stack(0x000000ccd7500000,0x000000ccd7600000)]
  0x000001f1698b5f10 JavaThread "Attach Listener" daemon [_thread_blocked, id=22648, stack(0x000000ccd7600000,0x000000ccd7700000)]
  0x000001f1698b67e0 JavaThread "Service Thread" daemon [_thread_blocked, id=2896, stack(0x000000ccd7700000,0x000000ccd7800000)]
  0x000001f1699ca890 JavaThread "Monitor Deflation Thread" daemon [_thread_blocked, id=17284, stack(0x000000ccd7800000,0x000000ccd7900000)]
  0x000001f1699cb160 JavaThread "C1 CompilerThread0" daemon [_thread_blocked, id=26196, stack(0x000000ccd7900000,0x000000ccd7a00000)]
  0x000001f1699cda80 JavaThread "Sweeper thread" daemon [_thread_blocked, id=23820, stack(0x000000ccd7a00000,0x000000ccd7b00000)]
  0x000001f169bc1d90 JavaThread "Notification Thread" daemon [_thread_blocked, id=17068, stack(0x000000ccd7b00000,0x000000ccd7c00000)]
  0x000001f169bcace0 JavaThread "Common-Cleaner" daemon [_thread_blocked, id=800, stack(0x000000ccd7d00000,0x000000ccd7e00000)]
  0x000001f16ec71f60 JavaThread "boundedElastic-evictor-1" daemon [_thread_blocked, id=10912, stack(0x000000ccd8200000,0x000000ccd8300000)]
  0x000001f16e719120 JavaThread "pool-12-thread-1" [_thread_blocked, id=1512, stack(0x000000ccd8400000,0x000000ccd8500000)]
  0x000001f16e719600 JavaThread "LanguageServerApp-lifecycle" [_thread_blocked, id=17164, stack(0x000000ccd8500000,0x000000ccd8600000)]
  0x000001f15f307020 JavaThread "DestroyJavaVM" [_thread_blocked, id=16304, stack(0x000000ccd6c00000,0x000000ccd6d00000)]
  0x000001f16f25a930 JavaThread "pool-13-thread-1" [_thread_in_native, id=22676, stack(0x000000ccd8600000,0x000000ccd8700000)]
  0x000001f16f1b34d0 JavaThread "Simple-Language-Server main thread" daemon [_thread_blocked, id=2204, stack(0x000000ccd8700000,0x000000ccd8800000)]
  0x000001f16efef800 JavaThread "pool-8-thread-1" [_thread_blocked, id=23320, stack(0x000000ccd8800000,0x000000ccd8900000)]
  0x000001f16efefce0 JavaThread "parallel-1" daemon [_thread_blocked, id=18052, stack(0x000000ccd8900000,0x000000ccd8a00000)]
  0x000001f16e75aa60 JavaThread "parallel-2" daemon [_thread_blocked, id=10936, stack(0x000000ccd8a00000,0x000000ccd8b00000)]
  0x000001f16e759b30 JavaThread "parallel-3" daemon [_thread_blocked, id=13624, stack(0x000000ccd8b00000,0x000000ccd8c00000)]
  0x000001f16e75a040 JavaThread "Reconciler-1" daemon [_thread_blocked, id=20252, stack(0x000000ccd8e00000,0x000000ccd8f00000)]
  0x000001f16e75a550 JavaThread "parallel-4" daemon [_thread_blocked, id=20628, stack(0x000000ccd6b00000,0x000000ccd6c00000)]

Other Threads:
=>0x000001f169865c60 VMThread "VM Thread" [stack: 0x000000ccd7200000,0x000000ccd7300000] [id=8588]
  0x000001f169bc2270 WatcherThread [stack: 0x000000ccd7c00000,0x000000ccd7d00000] [id=25844]
  0x000001f15f3468d0 GCTaskThread "GC Thread#0" [stack: 0x000000ccd6d00000,0x000000ccd6e00000] [id=860]
  0x000001f16e42b670 GCTaskThread "GC Thread#1" [stack: 0x000000ccd7e00000,0x000000ccd7f00000] [id=18592]
  0x000001f16e4d8d60 GCTaskThread "GC Thread#2" [stack: 0x000000ccd7f00000,0x000000ccd8000000] [id=1616]
  0x000001f16e6c4b10 GCTaskThread "GC Thread#3" [stack: 0x000000ccd8000000,0x000000ccd8100000] [id=25552]
  0x000001f15f34f730 ConcurrentGCThread "G1 Main Marker" [stack: 0x000000ccd6e00000,0x000000ccd6f00000] [id=16776]
  0x000001f15f350060 ConcurrentGCThread "G1 Conc#0" [stack: 0x000000ccd6f00000,0x000000ccd7000000] [id=3404]
  0x000001f1696d0090 ConcurrentGCThread "G1 Refine#0" [stack: 0x000000ccd7000000,0x000000ccd7100000] [id=25948]
  0x000001f1696d09d0 ConcurrentGCThread "G1 Service" [stack: 0x000000ccd7100000,0x000000ccd7200000] [id=23800]

Threads with active compile tasks:

VM state: at safepoint (normal execution)

VM Mutex/Monitor currently owned by a thread:  ([mutex/lock_event])
[0x000001f15d253c00] Threads_lock - owner thread: 0x000001f169865c60
[0x000001f15d24f540] Heap_lock - owner thread: 0x000001f16e719120

Heap address: 0x00000000c0000000, size: 1024 MB, Compressed Oops mode: 32-bit

CDS archive(s) not mapped
Compressed class space mapped at: 0x0000000100000000-0x0000000140000000, reserved size: 1073741824
Narrow klass base: 0x0000000000000000, Narrow klass shift: 3, Narrow klass range: 0x140000000

GC Precious Log:
 CPUs: 4 total, 4 available
 Memory: 7835M
 Large Page Support: Disabled
 NUMA Support: Disabled
 Compressed Oops: Enabled (32-bit)
 Heap Region Size: 1M
 Heap Min Capacity: 8M
 Heap Initial Capacity: 124M
 Heap Max Capacity: 1G
 Pre-touch: Disabled
 Parallel Workers: 4
 Concurrent Workers: 1
 Concurrent Refinement Workers: 4
 Periodic GC: Disabled

Heap:
 garbage-first heap   total 75776K, used 22153K [0x00000000c0000000, 0x0000000100000000)
  region size 1024K, 1 young (1024K), 0 survivors (0K)
 Metaspace       used 38501K, committed 38976K, reserved 1114112K
  class space    used 5068K, committed 5248K, reserved 1048576K

Heap Regions: E=young(eden), S=young(survivor), O=old, HS=humongous(starts), HC=humongous(continues), CS=collection set, F=free, OA=open archive, CA=closed archive, TAMS=top-at-mark-start (previous, next)
|   0|0x00000000c0000000, 0x00000000c0100000, 0x00000000c0100000|100%|HS|  |TAMS 0x00000000c0100000, 0x00000000c0000000| Untracked 
|   1|0x00000000c0100000, 0x00000000c0200000, 0x00000000c0200000|100%|HC|  |TAMS 0x00000000c0200000, 0x00000000c0100000| Untracked 
|   2|0x00000000c0200000, 0x00000000c0300000, 0x00000000c0300000|100%|HC|  |TAMS 0x00000000c0300000, 0x00000000c0200000| Untracked 
|   3|0x00000000c0300000, 0x00000000c0400000, 0x00000000c0400000|100%|HC|  |TAMS 0x00000000c0400000, 0x00000000c0300000| Untracked 
|   4|0x00000000c0400000, 0x00000000c0500000, 0x00000000c0500000|100%| O|  |TAMS 0x00000000c0500000, 0x00000000c0400000| Untracked 
|   5|0x00000000c0500000, 0x00000000c05fedb0, 0x00000000c0600000| 99%| O|  |TAMS 0x00000000c05fedb0, 0x00000000c0500000| Untracked 
|   6|0x00000000c0600000, 0x00000000c06fca98, 0x00000000c0700000| 98%| O|  |TAMS 0x00000000c06fca98, 0x00000000c0600000| Untracked 
|   7|0x00000000c0700000, 0x00000000c07ffff8, 0x00000000c0800000| 99%| O|  |TAMS 0x00000000c07ffff8, 0x00000000c0700000| Untracked 
|   8|0x00000000c0800000, 0x00000000c0900000, 0x00000000c0900000|100%| O|  |TAMS 0x00000000c0900000, 0x00000000c0800000| Untracked 
|   9|0x00000000c0900000, 0x00000000c0a00000, 0x00000000c0a00000|100%| O|  |TAMS 0x00000000c0a00000, 0x00000000c0900000| Untracked 
|  10|0x00000000c0a00000, 0x00000000c0affff0, 0x00000000c0b00000| 99%| O|  |TAMS 0x00000000c0affff0, 0x00000000c0a00000| Untracked 
|  11|0x00000000c0b00000, 0x00000000c0bffc78, 0x00000000c0c00000| 99%| O|  |TAMS 0x00000000c0bffc78, 0x00000000c0b00000| Untracked 
|  12|0x00000000c0c00000, 0x00000000c0cfffe8, 0x00000000c0d00000| 99%| O|  |TAMS 0x00000000c0cfffe8, 0x00000000c0c00000| Untracked 
|  13|0x00000000c0d00000, 0x00000000c0dfffd8, 0x00000000c0e00000| 99%| O|  |TAMS 0x00000000c0dfffd8, 0x00000000c0d00000| Untracked 
|  14|0x00000000c0e00000, 0x00000000c0efffe8, 0x00000000c0f00000| 99%| O|  |TAMS 0x00000000c0efffe8, 0x00000000c0e00000| Untracked 
|  15|0x00000000c0f00000, 0x00000000c1000000, 0x00000000c1000000|100%| O|  |TAMS 0x00000000c1000000, 0x00000000c0f00000| Untracked 
|  16|0x00000000c1000000, 0x00000000c1100000, 0x00000000c1100000|100%| O|  |TAMS 0x00000000c1100000, 0x00000000c1000000| Untracked 
|  17|0x00000000c1100000, 0x00000000c11fffd0, 0x00000000c1200000| 99%| O|  |TAMS 0x00000000c11fffd0, 0x00000000c1100000| Untracked 
|  18|0x00000000c1200000, 0x00000000c12ffff0, 0x00000000c1300000| 99%| O|  |TAMS 0x00000000c12ffff0, 0x00000000c1200000| Untracked 
|  19|0x00000000c1300000, 0x00000000c13fffe8, 0x00000000c1400000| 99%| O|  |TAMS 0x00000000c13fffe8, 0x00000000c1300000| Untracked 
|  20|0x00000000c1400000, 0x00000000c14fffc8, 0x00000000c1500000| 99%| O|  |TAMS 0x00000000c14fffc8, 0x00000000c1400000| Untracked 
|  21|0x00000000c1500000, 0x00000000c15a4f08, 0x00000000c1600000| 64%| O|  |TAMS 0x00000000c1500000, 0x00000000c1500000| Untracked 
|  22|0x00000000c1600000, 0x00000000c1602300, 0x00000000c1700000|  0%| O|  |TAMS 0x00000000c1600000, 0x00000000c1600000| Untracked 
|  23|0x00000000c1700000, 0x00000000c1700000, 0x00000000c1800000|  0%| F|  |TAMS 0x00000000c1700000, 0x00000000c1700000| Untracked 
|  24|0x00000000c1800000, 0x00000000c1800000, 0x00000000c1900000|  0%| F|  |TAMS 0x00000000c1800000, 0x00000000c1800000| Untracked 
|  25|0x00000000c1900000, 0x00000000c1900000, 0x00000000c1a00000|  0%| F|  |TAMS 0x00000000c1900000, 0x00000000c1900000| Untracked 
|  26|0x00000000c1a00000, 0x00000000c1a00000, 0x00000000c1b00000|  0%| F|  |TAMS 0x00000000c1a00000, 0x00000000c1a00000| Untracked 
|  27|0x00000000c1b00000, 0x00000000c1b00000, 0x00000000c1c00000|  0%| F|  |TAMS 0x00000000c1b00000, 0x00000000c1b00000| Untracked 
|  28|0x00000000c1c00000, 0x00000000c1c00000, 0x00000000c1d00000|  0%| F|  |TAMS 0x00000000c1c00000, 0x00000000c1c00000| Untracked 
|  29|0x00000000c1d00000, 0x00000000c1d00000, 0x00000000c1e00000|  0%| F|  |TAMS 0x00000000c1d00000, 0x00000000c1d00000| Untracked 
|  30|0x00000000c1e00000, 0x00000000c1e00000, 0x00000000c1f00000|  0%| F|  |TAMS 0x00000000c1e00000, 0x00000000c1e00000| Untracked 
|  31|0x00000000c1f00000, 0x00000000c1f00000, 0x00000000c2000000|  0%| F|  |TAMS 0x00000000c1f00000, 0x00000000c1f00000| Untracked 
|  32|0x00000000c2000000, 0x00000000c2000000, 0x00000000c2100000|  0%| F|  |TAMS 0x00000000c2000000, 0x00000000c2000000| Untracked 
|  33|0x00000000c2100000, 0x00000000c2100000, 0x00000000c2200000|  0%| F|  |TAMS 0x00000000c2100000, 0x00000000c2100000| Untracked 
|  34|0x00000000c2200000, 0x00000000c2200000, 0x00000000c2300000|  0%| F|  |TAMS 0x00000000c2200000, 0x00000000c2200000| Untracked 
|  35|0x00000000c2300000, 0x00000000c2300000, 0x00000000c2400000|  0%| F|  |TAMS 0x00000000c2300000, 0x00000000c2300000| Untracked 
|  36|0x00000000c2400000, 0x00000000c2400000, 0x00000000c2500000|  0%| F|  |TAMS 0x00000000c2400000, 0x00000000c2400000| Untracked 
|  37|0x00000000c2500000, 0x00000000c2500000, 0x00000000c2600000|  0%| F|  |TAMS 0x00000000c2500000, 0x00000000c2500000| Untracked 
|  38|0x00000000c2600000, 0x00000000c2600000, 0x00000000c2700000|  0%| F|  |TAMS 0x00000000c2600000, 0x00000000c2600000| Untracked 
|  39|0x00000000c2700000, 0x00000000c2700000, 0x00000000c2800000|  0%| F|  |TAMS 0x00000000c2700000, 0x00000000c2700000| Untracked 
|  40|0x00000000c2800000, 0x00000000c2800000, 0x00000000c2900000|  0%| F|  |TAMS 0x00000000c2800000, 0x00000000c2800000| Untracked 
|  41|0x00000000c2900000, 0x00000000c2900000, 0x00000000c2a00000|  0%| F|  |TAMS 0x00000000c2900000, 0x00000000c2900000| Untracked 
|  42|0x00000000c2a00000, 0x00000000c2a00000, 0x00000000c2b00000|  0%| F|  |TAMS 0x00000000c2a00000, 0x00000000c2a00000| Untracked 
|  43|0x00000000c2b00000, 0x00000000c2b00000, 0x00000000c2c00000|  0%| F|  |TAMS 0x00000000c2b00000, 0x00000000c2b00000| Untracked 
|  44|0x00000000c2c00000, 0x00000000c2c00000, 0x00000000c2d00000|  0%| F|  |TAMS 0x00000000c2c00000, 0x00000000c2c00000| Untracked 
|  45|0x00000000c2d00000, 0x00000000c2d00000, 0x00000000c2e00000|  0%| F|  |TAMS 0x00000000c2d00000, 0x00000000c2d00000| Untracked 
|  46|0x00000000c2e00000, 0x00000000c2e00000, 0x00000000c2f00000|  0%| F|  |TAMS 0x00000000c2e00000, 0x00000000c2e00000| Untracked 
|  47|0x00000000c2f00000, 0x00000000c2f00000, 0x00000000c3000000|  0%| F|  |TAMS 0x00000000c2f00000, 0x00000000c2f00000| Untracked 
|  48|0x00000000c3000000, 0x00000000c3000000, 0x00000000c3100000|  0%| F|  |TAMS 0x00000000c3000000, 0x00000000c3000000| Untracked 
|  49|0x00000000c3100000, 0x00000000c3100000, 0x00000000c3200000|  0%| F|  |TAMS 0x00000000c3100000, 0x00000000c3100000| Untracked 
|  50|0x00000000c3200000, 0x00000000c3200000, 0x00000000c3300000|  0%| F|  |TAMS 0x00000000c3200000, 0x00000000c3200000| Untracked 
|  51|0x00000000c3300000, 0x00000000c3300000, 0x00000000c3400000|  0%| F|  |TAMS 0x00000000c3300000, 0x00000000c3300000| Untracked 
|  52|0x00000000c3400000, 0x00000000c3400000, 0x00000000c3500000|  0%| F|  |TAMS 0x00000000c3400000, 0x00000000c3400000| Untracked 
|  53|0x00000000c3500000, 0x00000000c3500000, 0x00000000c3600000|  0%| F|  |TAMS 0x00000000c3500000, 0x00000000c3500000| Untracked 
|  54|0x00000000c3600000, 0x00000000c3600000, 0x00000000c3700000|  0%| F|  |TAMS 0x00000000c3600000, 0x00000000c3600000| Untracked 
|  55|0x00000000c3700000, 0x00000000c3700000, 0x00000000c3800000|  0%| F|  |TAMS 0x00000000c3700000, 0x00000000c3700000| Untracked 
|  56|0x00000000c3800000, 0x00000000c3800000, 0x00000000c3900000|  0%| F|  |TAMS 0x00000000c3800000, 0x00000000c3800000| Untracked 
|  57|0x00000000c3900000, 0x00000000c3900000, 0x00000000c3a00000|  0%| F|  |TAMS 0x00000000c3900000, 0x00000000c3900000| Untracked 
|  58|0x00000000c3a00000, 0x00000000c3a00000, 0x00000000c3b00000|  0%| F|  |TAMS 0x00000000c3a00000, 0x00000000c3a00000| Untracked 
|  59|0x00000000c3b00000, 0x00000000c3b00000, 0x00000000c3c00000|  0%| F|  |TAMS 0x00000000c3b00000, 0x00000000c3b00000| Untracked 
|  60|0x00000000c3c00000, 0x00000000c3c00000, 0x00000000c3d00000|  0%| F|  |TAMS 0x00000000c3c00000, 0x00000000c3c00000| Untracked 
|  61|0x00000000c3d00000, 0x00000000c3d00000, 0x00000000c3e00000|  0%| F|  |TAMS 0x00000000c3d00000, 0x00000000c3d00000| Untracked 
|  62|0x00000000c3e00000, 0x00000000c3e00000, 0x00000000c3f00000|  0%| F|  |TAMS 0x00000000c3e00000, 0x00000000c3e00000| Untracked 
|  63|0x00000000c3f00000, 0x00000000c3f00000, 0x00000000c4000000|  0%| F|  |TAMS 0x00000000c3f00000, 0x00000000c3f00000| Untracked 
|  64|0x00000000c4000000, 0x00000000c4000000, 0x00000000c4100000|  0%| F|  |TAMS 0x00000000c4000000, 0x00000000c4000000| Untracked 
|  65|0x00000000c4100000, 0x00000000c4100000, 0x00000000c4200000|  0%| F|  |TAMS 0x00000000c4100000, 0x00000000c4100000| Untracked 
|  66|0x00000000c4200000, 0x00000000c4200000, 0x00000000c4300000|  0%| F|  |TAMS 0x00000000c4200000, 0x00000000c4200000| Untracked 
|  67|0x00000000c4300000, 0x00000000c4300000, 0x00000000c4400000|  0%| F|  |TAMS 0x00000000c4300000, 0x00000000c4300000| Untracked 
|  68|0x00000000c4400000, 0x00000000c4400000, 0x00000000c4500000|  0%| F|  |TAMS 0x00000000c4400000, 0x00000000c4400000| Untracked 
|  69|0x00000000c4500000, 0x00000000c4500000, 0x00000000c4600000|  0%| F|  |TAMS 0x00000000c4500000, 0x00000000c4500000| Untracked 
|  70|0x00000000c4600000, 0x00000000c4600000, 0x00000000c4700000|  0%| F|  |TAMS 0x00000000c4600000, 0x00000000c4600000| Untracked 
|  71|0x00000000c4700000, 0x00000000c4700000, 0x00000000c4800000|  0%| F|  |TAMS 0x00000000c4700000, 0x00000000c4700000| Untracked 
|  72|0x00000000c4800000, 0x00000000c4800000, 0x00000000c4900000|  0%| F|  |TAMS 0x00000000c4800000, 0x00000000c4800000| Untracked 
|  73|0x00000000c4900000, 0x00000000c4928f98, 0x00000000c4a00000| 16%| E|  |TAMS 0x00000000c4900000, 0x00000000c4900000| Complete 

Card table byte_map: [0x000001f164f90000,0x000001f165190000] _byte_map_base: 0x000001f164990000

Marking Bits (Prev, Next): (CMBitMap*) 0x000001f15f346e00, (CMBitMap*) 0x000001f15f346e40
 Prev Bits: [0x000001f165390000, 0x000001f166390000)
 Next Bits: [0x000001f166390000, 0x000001f167390000)

Polling page: 0x000001f15d1d0000

Metaspace:

Usage:
  Non-class:     32.65 MB used.
      Class:      4.95 MB used.
       Both:     37.60 MB used.

Virtual space:
  Non-class space:       64.00 MB reserved,      32.94 MB ( 51%) committed,  1 nodes.
      Class space:        1.00 GB reserved,       5.12 MB ( <1%) committed,  1 nodes.
             Both:        1.06 GB reserved,      38.06 MB (  3%) committed. 

Chunk freelists:
   Non-Class:  14.50 MB
       Class:  10.95 MB
        Both:  25.45 MB

MaxMetaspaceSize: unlimited
CompressedClassSpaceSize: 1.00 GB
Initial GC threshold: 21.00 MB
Current GC threshold: 63.44 MB
CDS: off
MetaspaceReclaimPolicy: balanced
 - commit_granule_bytes: 65536.
 - commit_granule_words: 8192.
 - virtual_space_node_default_size: 8388608.
 - enlarge_chunks_in_place: 1.
 - new_chunks_are_fully_committed: 0.
 - uncommit_free_chunks: 1.
 - use_allocation_guard: 0.
 - handle_deallocations: 1.


Internal statistics:

num_allocs_failed_limit: 6.
num_arena_births: 524.
num_arena_deaths: 158.
num_vsnodes_births: 2.
num_vsnodes_deaths: 0.
num_space_committed: 609.
num_space_uncommitted: 0.
num_chunks_returned_to_freelist: 175.
num_chunks_taken_from_freelist: 1655.
num_chunk_merges: 52.
num_chunk_splits: 1148.
num_chunks_enlarged: 879.
num_inconsistent_stats: 0.

CodeCache: size=49152Kb used=6898Kb max_used=7811Kb free=42253Kb
 bounds [0x000001f161f90000, 0x000001f162740000, 0x000001f164f90000]
 total_blobs=4243 nmethods=3701 adapters=468
 compilation: enabled
              stopped_count=0, restarted_count=0
 full_count=0

Compilation events (20 events):
Event: 1530.801 Thread 0x000001f1699cb160 3692       1       java.lang.Long::valueOf (40 bytes)
Event: 1530.801 Thread 0x000001f1699cb160 nmethod 3692 0x000001f162239610 code [0x000001f1622397a0, 0x000001f162239938]
Event: 1717.005 Thread 0x000001f1699cb160 3693       1       java.time.Instant::getEpochSecond (5 bytes)
Event: 1717.007 Thread 0x000001f1699cb160 nmethod 3693 0x000001f162239310 code [0x000001f1622394a0, 0x000001f162239578]
Event: 1791.974 Thread 0x000001f1699cb160 3694       1       java.lang.Long::stringSize (55 bytes)
Event: 1791.974 Thread 0x000001f1699cb160 nmethod 3694 0x000001f162238f90 code [0x000001f162239120, 0x000001f162239278]
Event: 1791.975 Thread 0x000001f1699cb160 3695       1       java.lang.Long::getChars (208 bytes)
Event: 1791.978 Thread 0x000001f1699cb160 nmethod 3695 0x000001f162238710 code [0x000001f1622388e0, 0x000001f162238cb8]
Event: 1791.978 Thread 0x000001f1699cb160 3696       1       java.math.BigDecimal::valueOf (57 bytes)
Event: 1791.985 Thread 0x000001f1699cb160 nmethod 3696 0x000001f162238190 code [0x000001f162238340, 0x000001f1622385f8]
Event: 1791.985 Thread 0x000001f1699cb160 3698       1       java.lang.Thread::isInterrupted (5 bytes)
Event: 1791.985 Thread 0x000001f1699cb160 nmethod 3698 0x000001f162237e90 code [0x000001f162238020, 0x000001f1622380f8]
Event: 1791.985 Thread 0x000001f1699cb160 3697       1       org.eclipse.lsp4j.jsonrpc.messages.Message::getJsonrpc (5 bytes)
Event: 1791.986 Thread 0x000001f1699cb160 nmethod 3697 0x000001f162237b90 code [0x000001f162237d20, 0x000001f162237df8]
Event: 2106.304 Thread 0x000001f1699cb160 3699       1       java.io.File::isDirectory (34 bytes)
Event: 2106.322 Thread 0x000001f1699cb160 nmethod 3699 0x000001f162237510 code [0x000001f1622376e0, 0x000001f1622379a8]
Event: 2126.535 Thread 0x000001f1699cb160 3700       1       java.util.concurrent.ConcurrentLinkedDeque::first (65 bytes)
Event: 2126.559 Thread 0x000001f1699cb160 nmethod 3700 0x000001f162236b10 code [0x000001f162236d00, 0x000001f1622371f8]
Event: 2278.654 Thread 0x000001f1699cb160 3701       1       java.util.StringTokenizer::setMaxDelimCodePoint (156 bytes)
Event: 2278.660 Thread 0x000001f1699cb160 nmethod 3701 0x000001f162236090 code [0x000001f162236280, 0x000001f1622367d8]

GC Heap History (20 events):
Event: 2207.115 GC heap before
{Heap before GC invocations=194 (full 184):
 garbage-first heap   total 75776K, used 22153K [0x00000000c0000000, 0x0000000100000000)
  region size 1024K, 1 young (1024K), 0 survivors (0K)
 Metaspace       used 38501K, committed 38976K, reserved 1114112K
  class space    used 5068K, committed 5248K, reserved 1048576K
}
Event: 2207.139 GC heap after
{Heap after GC invocations=195 (full 185):
 garbage-first heap   total 75776K, used 22153K [0x00000000c0000000, 0x0000000100000000)
  region size 1024K, 0 young (0K), 0 survivors (0K)
 Metaspace       used 38501K, committed 38976K, reserved 1114112K
  class space    used 5068K, committed 5248K, reserved 1048576K
}
Event: 2217.302 GC heap before
{Heap before GC invocations=195 (full 185):
 garbage-first heap   total 75776K, used 22153K [0x00000000c0000000, 0x0000000100000000)
  region size 1024K, 1 young (1024K), 0 survivors (0K)
 Metaspace       used 38501K, committed 38976K, reserved 1114112K
  class space    used 5068K, committed 5248K, reserved 1048576K
}
Event: 2217.325 GC heap after
{Heap after GC invocations=196 (full 186):
 garbage-first heap   total 75776K, used 22153K [0x00000000c0000000, 0x0000000100000000)
  region size 1024K, 0 young (0K), 0 survivors (0K)
 Metaspace       used 38501K, committed 38976K, reserved 1114112K
  class space    used 5068K, committed 5248K, reserved 1048576K
}
Event: 2227.522 GC heap before
{Heap before GC invocations=196 (full 186):
 garbage-first heap   total 75776K, used 22153K [0x00000000c0000000, 0x0000000100000000)
  region size 1024K, 1 young (1024K), 0 survivors (0K)
 Metaspace       used 38501K, committed 38976K, reserved 1114112K
  class space    used 5068K, committed 5248K, reserved 1048576K
}
Event: 2227.546 GC heap after
{Heap after GC invocations=197 (full 187):
 garbage-first heap   total 75776K, used 22153K [0x00000000c0000000, 0x0000000100000000)
  region size 1024K, 0 young (0K), 0 survivors (0K)
 Metaspace       used 38501K, committed 38976K, reserved 1114112K
  class space    used 5068K, committed 5248K, reserved 1048576K
}
Event: 2237.723 GC heap before
{Heap before GC invocations=197 (full 187):
 garbage-first heap   total 75776K, used 22153K [0x00000000c0000000, 0x0000000100000000)
  region size 1024K, 1 young (1024K), 0 survivors (0K)
 Metaspace       used 38501K, committed 38976K, reserved 1114112K
  class space    used 5068K, committed 5248K, reserved 1048576K
}
Event: 2237.745 GC heap after
{Heap after GC invocations=198 (full 188):
 garbage-first heap   total 75776K, used 22153K [0x00000000c0000000, 0x0000000100000000)
  region size 1024K, 0 young (0K), 0 survivors (0K)
 Metaspace       used 38501K, committed 38976K, reserved 1114112K
  class space    used 5068K, committed 5248K, reserved 1048576K
}
Event: 2248.139 GC heap before
{Heap before GC invocations=198 (full 188):
 garbage-first heap   total 75776K, used 22153K [0x00000000c0000000, 0x0000000100000000)
  region size 1024K, 1 young (1024K), 0 survivors (0K)
 Metaspace       used 38501K, committed 38976K, reserved 1114112K
  class space    used 5068K, committed 5248K, reserved 1048576K
}
Event: 2248.164 GC heap after
{Heap after GC invocations=199 (full 189):
 garbage-first heap   total 75776K, used 22153K [0x00000000c0000000, 0x0000000100000000)
  region size 1024K, 0 young (0K), 0 survivors (0K)
 Metaspace       used 38501K, committed 38976K, reserved 1114112K
  class space    used 5068K, committed 5248K, reserved 1048576K
}
Event: 2258.364 GC heap before
{Heap before GC invocations=199 (full 189):
 garbage-first heap   total 75776K, used 22153K [0x00000000c0000000, 0x0000000100000000)
  region size 1024K, 1 young (1024K), 0 survivors (0K)
 Metaspace       used 38501K, committed 38976K, reserved 1114112K
  class space    used 5068K, committed 5248K, reserved 1048576K
}
Event: 2258.389 GC heap after
{Heap after GC invocations=200 (full 190):
 garbage-first heap   total 75776K, used 22153K [0x00000000c0000000, 0x0000000100000000)
  region size 1024K, 0 young (0K), 0 survivors (0K)
 Metaspace       used 38501K, committed 38976K, reserved 1114112K
  class space    used 5068K, committed 5248K, reserved 1048576K
}
Event: 2268.603 GC heap before
{Heap before GC invocations=200 (full 190):
 garbage-first heap   total 75776K, used 22153K [0x00000000c0000000, 0x0000000100000000)
  region size 1024K, 1 young (1024K), 0 survivors (0K)
 Metaspace       used 38501K, committed 38976K, reserved 1114112K
  class space    used 5068K, committed 5248K, reserved 1048576K
}
Event: 2268.628 GC heap after
{Heap after GC invocations=201 (full 191):
 garbage-first heap   total 75776K, used 22153K [0x00000000c0000000, 0x0000000100000000)
  region size 1024K, 0 young (0K), 0 survivors (0K)
 Metaspace       used 38501K, committed 38976K, reserved 1114112K
  class space    used 5068K, committed 5248K, reserved 1048576K
}
Event: 2278.845 GC heap before
{Heap before GC invocations=201 (full 191):
 garbage-first heap   total 75776K, used 22153K [0x00000000c0000000, 0x0000000100000000)
  region size 1024K, 1 young (1024K), 0 survivors (0K)
 Metaspace       used 38501K, committed 38976K, reserved 1114112K
  class space    used 5068K, committed 5248K, reserved 1048576K
}
Event: 2278.869 GC heap after
{Heap after GC invocations=202 (full 192):
 garbage-first heap   total 75776K, used 22153K [0x00000000c0000000, 0x0000000100000000)
  region size 1024K, 0 young (0K), 0 survivors (0K)
 Metaspace       used 38501K, committed 38976K, reserved 1114112K
  class space    used 5068K, committed 5248K, reserved 1048576K
}
Event: 2289.132 GC heap before
{Heap before GC invocations=202 (full 192):
 garbage-first heap   total 75776K, used 22153K [0x00000000c0000000, 0x0000000100000000)
  region size 1024K, 1 young (1024K), 0 survivors (0K)
 Metaspace       used 38501K, committed 38976K, reserved 1114112K
  class space    used 5068K, committed 5248K, reserved 1048576K
}
Event: 2289.158 GC heap after
{Heap after GC invocations=203 (full 193):
 garbage-first heap   total 75776K, used 22153K [0x00000000c0000000, 0x0000000100000000)
  region size 1024K, 0 young (0K), 0 survivors (0K)
 Metaspace       used 38501K, committed 38976K, reserved 1114112K
  class space    used 5068K, committed 5248K, reserved 1048576K
}
Event: 2299.388 GC heap before
{Heap before GC invocations=203 (full 193):
 garbage-first heap   total 75776K, used 22153K [0x00000000c0000000, 0x0000000100000000)
  region size 1024K, 1 young (1024K), 0 survivors (0K)
 Metaspace       used 38501K, committed 38976K, reserved 1114112K
  class space    used 5068K, committed 5248K, reserved 1048576K
}
Event: 2299.415 GC heap after
{Heap after GC invocations=204 (full 194):
 garbage-first heap   total 75776K, used 22153K [0x00000000c0000000, 0x0000000100000000)
  region size 1024K, 0 young (0K), 0 survivors (0K)
 Metaspace       used 38501K, committed 38976K, reserved 1114112K
  class space    used 5068K, committed 5248K, reserved 1048576K
}

Dll operation events (8 events):
Event: 0.027 Loaded shared library c:\Users\mailc\.vscode\extensions\redhat.java-1.26.0-win32-x64\jre\17.0.9-win32-x86_64\bin\java.dll
Event: 0.930 Loaded shared library C:\Users\mailc\.vscode\extensions\redhat.java-1.26.0-win32-x64\jre\17.0.9-win32-x86_64\bin\net.dll
Event: 0.977 Loaded shared library C:\Users\mailc\.vscode\extensions\redhat.java-1.26.0-win32-x64\jre\17.0.9-win32-x86_64\bin\nio.dll
Event: 1.034 Loaded shared library C:\Users\mailc\.vscode\extensions\redhat.java-1.26.0-win32-x64\jre\17.0.9-win32-x86_64\bin\zip.dll
Event: 1.970 Loaded shared library C:\Users\mailc\.vscode\extensions\redhat.java-1.26.0-win32-x64\jre\17.0.9-win32-x86_64\bin\jimage.dll
Event: 6.098 Loaded shared library c:\Users\mailc\.vscode\extensions\redhat.java-1.26.0-win32-x64\jre\17.0.9-win32-x86_64\bin\verify.dll
Event: 6.634 Loaded shared library C:\Users\mailc\.vscode\extensions\redhat.java-1.26.0-win32-x64\jre\17.0.9-win32-x86_64\bin\management.dll
Event: 6.638 Loaded shared library C:\Users\mailc\.vscode\extensions\redhat.java-1.26.0-win32-x64\jre\17.0.9-win32-x86_64\bin\management_ext.dll

Deoptimization events (12 events):
Event: 4.692 Thread 0x000001f15f307020 DEOPT PACKING pc=0x000001f16250bb19 sp=0x000000ccd6cfd120
Event: 4.692 Thread 0x000001f15f307020 DEOPT UNPACKING pc=0x000001f161feace3 sp=0x000000ccd6cfc600 mode 3
Event: 5.128 Thread 0x000001f15f307020 DEOPT PACKING pc=0x000001f162583155 sp=0x000000ccd6cfe760
Event: 5.128 Thread 0x000001f15f307020 DEOPT UNPACKING pc=0x000001f161feace3 sp=0x000000ccd6cfdc08 mode 3
Event: 6.913 Thread 0x000001f16f1b34d0 DEOPT PACKING pc=0x000001f162718e35 sp=0x000000ccd87fe160
Event: 6.913 Thread 0x000001f16f1b34d0 DEOPT UNPACKING pc=0x000001f161feace3 sp=0x000000ccd87fd678 mode 3
Event: 6.968 Thread 0x000001f16f25a930 DEOPT PACKING pc=0x000001f1624b7481 sp=0x000000ccd86fdda0
Event: 6.968 Thread 0x000001f16f25a930 DEOPT UNPACKING pc=0x000001f161feace3 sp=0x000000ccd86fd230 mode 3
Event: 6.976 Thread 0x000001f16efef800 DEOPT PACKING pc=0x000001f162499097 sp=0x000000ccd88fef30
Event: 6.976 Thread 0x000001f16efef800 DEOPT UNPACKING pc=0x000001f161feace3 sp=0x000000ccd88fe388 mode 3
Event: 864.361 Thread 0x000001f16f25a930 DEOPT PACKING pc=0x000001f16258b454 sp=0x000000ccd86fef80
Event: 864.363 Thread 0x000001f16f25a930 DEOPT UNPACKING pc=0x000001f161feace3 sp=0x000000ccd86fe428 mode 0

Classes unloaded (20 events):
Event: 77.654 Thread 0x000001f169865c60 Unloading class 0x00000001000d5c00 'java/lang/invoke/LambdaForm$MH+0x00000001000d5c00'
Event: 77.654 Thread 0x000001f169865c60 Unloading class 0x00000001000d5800 'java/lang/invoke/LambdaForm$MH+0x00000001000d5800'
Event: 77.654 Thread 0x000001f169865c60 Unloading class 0x00000001000d5400 'java/lang/invoke/LambdaForm$MH+0x00000001000d5400'
Event: 77.654 Thread 0x000001f169865c60 Unloading class 0x00000001000d5000 'java/lang/invoke/LambdaForm$MH+0x00000001000d5000'
Event: 77.654 Thread 0x000001f169865c60 Unloading class 0x00000001000d4c00 'java/lang/invoke/LambdaForm$MH+0x00000001000d4c00'
Event: 77.654 Thread 0x000001f169865c60 Unloading class 0x00000001000d4800 'java/lang/invoke/LambdaForm$MH+0x00000001000d4800'
Event: 77.654 Thread 0x000001f169865c60 Unloading class 0x00000001000d4400 'java/lang/invoke/LambdaForm$MH+0x00000001000d4400'
Event: 77.654 Thread 0x000001f169865c60 Unloading class 0x00000001000ce800 'java/lang/invoke/LambdaForm$MH+0x00000001000ce800'
Event: 77.654 Thread 0x000001f169865c60 Unloading class 0x00000001000ce400 'java/lang/invoke/LambdaForm$MH+0x00000001000ce400'
Event: 77.654 Thread 0x000001f169865c60 Unloading class 0x00000001000ce000 'java/lang/invoke/LambdaForm$MH+0x00000001000ce000'
Event: 77.654 Thread 0x000001f169865c60 Unloading class 0x00000001000cdc00 'java/lang/invoke/LambdaForm$MH+0x00000001000cdc00'
Event: 77.654 Thread 0x000001f169865c60 Unloading class 0x00000001000cd800 'java/lang/invoke/LambdaForm$MH+0x00000001000cd800'
Event: 77.654 Thread 0x000001f169865c60 Unloading class 0x00000001000cd400 'java/lang/invoke/LambdaForm$MH+0x00000001000cd400'
Event: 77.654 Thread 0x000001f169865c60 Unloading class 0x00000001000ccc00 'java/lang/invoke/LambdaForm$MH+0x00000001000ccc00'
Event: 77.654 Thread 0x000001f169865c60 Unloading class 0x00000001000cc800 'java/lang/invoke/LambdaForm$MH+0x00000001000cc800'
Event: 77.654 Thread 0x000001f169865c60 Unloading class 0x00000001000cc000 'java/lang/invoke/LambdaForm$MH+0x00000001000cc000'
Event: 77.654 Thread 0x000001f169865c60 Unloading class 0x00000001000cbc00 'java/lang/invoke/LambdaForm$MH+0x00000001000cbc00'
Event: 1490.964 Thread 0x000001f169865c60 Unloading class 0x000000010045c400 'java/lang/invoke/LambdaForm$MH+0x000000010045c400'
Event: 1490.965 Thread 0x000001f169865c60 Unloading class 0x00000001004e8400 'java/lang/invoke/LambdaForm$MH+0x00000001004e8400'
Event: 1490.965 Thread 0x000001f169865c60 Unloading class 0x0000000100518000 'java/lang/invoke/LambdaForm$MH+0x0000000100518000'

Classes redefined (0 events):
No events

Internal exceptions (20 events):
Event: 5.339 Thread 0x000001f15f307020 Exception <a 'java/lang/NoSuchMethodError'{0x00000000c366d828}: 'java.lang.Object java.lang.invoke.DirectMethodHandle$Holder.invokeSpecial(java.lang.Object, java.lang.Object, int, java.lang.Object, java.lang.Object)'> (0x00000000c366d828) 
thrown [s\src\hotspot\share\interpreter\linkResolver.cpp, line 759]
Event: 5.339 Thread 0x000001f15f307020 Exception <a 'java/lang/NoSuchMethodError'{0x00000000c36714d0}: 'java.lang.Object java.lang.invoke.DelegatingMethodHandle$Holder.delegate(java.lang.Object, int, java.lang.Object, java.lang.Object)'> (0x00000000c36714d0) 
thrown [s\src\hotspot\share\interpreter\linkResolver.cpp, line 759]
Event: 5.341 Thread 0x000001f15f307020 Exception <a 'java/lang/NoSuchMethodError'{0x00000000c3682358}: 'int java.lang.invoke.Invokers$Holder.linkToTargetMethod(java.lang.Object, java.lang.Object, java.lang.Object)'> (0x00000000c3682358) 
thrown [s\src\hotspot\share\interpreter\linkResolver.cpp, line 759]
Event: 5.462 Thread 0x000001f15f307020 Exception <a 'java/lang/NoSuchMethodError'{0x00000000c32eba20}: 'java.lang.Object java.lang.invoke.DirectMethodHandle$Holder.invokeStaticInit(java.lang.Object, int, int, int, int)'> (0x00000000c32eba20) 
thrown [s\src\hotspot\share\interpreter\linkResolver.cpp, line 759]
Event: 5.610 Thread 0x000001f15f307020 Exception <a 'java/lang/NoSuchMethodError'{0x00000000c31cfe30}: 'java.lang.Object java.lang.invoke.DirectMethodHandle$Holder.invokeStaticInit(java.lang.Object, java.lang.Object, int, int, int, int)'> (0x00000000c31cfe30) 
thrown [s\src\hotspot\share\interpreter\linkResolver.cpp, line 759]
Event: 5.861 Thread 0x000001f15f307020 Exception <a 'java/lang/NoSuchMethodError'{0x00000000c53e37d8}: 'void java.lang.invoke.DirectMethodHandle$Holder.invokeSpecialIFC(java.lang.Object, java.lang.Object, java.lang.Object)'> (0x00000000c53e37d8) 
thrown [s\src\hotspot\share\interpreter\linkResolver.cpp, line 759]
Event: 6.247 Thread 0x000001f15f307020 Exception <a 'java/lang/NoSuchMethodError'{0x00000000c2f4a398}: 'int java.lang.invoke.DirectMethodHandle$Holder.invokeStaticInit(java.lang.Object, java.lang.Object, int, java.lang.Object)'> (0x00000000c2f4a398) 
thrown [s\src\hotspot\share\interpreter\linkResolver.cpp, line 759]
Event: 6.289 Thread 0x000001f15f307020 Exception <a 'java/lang/NoSuchMethodError'{0x00000000c2e59720}: 'void java.lang.invoke.DirectMethodHandle$Holder.invokeSpecial(java.lang.Object, java.lang.Object, java.lang.Object, java.lang.Object, java.lang.Object, java.lang.Object, java.lang.Object)'> (0x00000000c2e59720) 
thrown [s\src\hotspot\share\interpreter\linkResolver.cpp, line 759]
Event: 6.443 Thread 0x000001f15f307020 Exception <a 'java/lang/NoSuchMethodError'{0x00000000c7b5c430}: 'java.lang.Object java.lang.invoke.DirectMethodHandle$Holder.invokeInterface(java.lang.Object, java.lang.Object, int)'> (0x00000000c7b5c430) 
thrown [s\src\hotspot\share\interpreter\linkResolver.cpp, line 759]
Event: 6.445 Thread 0x000001f15f307020 Exception <a 'java/lang/IncompatibleClassChangeError'{0x00000000c7b6f9f8}: Found class java.lang.Object, but interface was expected> (0x00000000c7b6f9f8) 
thrown [s\src\hotspot\share\interpreter\linkResolver.cpp, line 826]
Event: 6.618 Thread 0x000001f15f307020 Exception <a 'java/lang/NoSuchMethodError'{0x00000000c7bea108}: 'java.lang.Object java.lang.invoke.DirectMethodHandle$Holder.newInvokeSpecial(java.lang.Object, java.lang.Object, int, java.lang.Object, java.lang.Object)'> (0x00000000c7bea108) 
thrown [s\src\hotspot\share\interpreter\linkResolver.cpp, line 759]
Event: 6.622 Thread 0x000001f15f307020 Exception <a 'java/lang/NoSuchMethodError'{0x00000000c7bfcea0}: 'java.lang.Object java.lang.invoke.DirectMethodHandle$Holder.invokeSpecial(java.lang.Object, java.lang.Object, int, java.lang.Object, int, java.lang.Object)'> (0x00000000c7bfcea0) 
thrown [s\src\hotspot\share\interpreter\linkResolver.cpp, line 759]
Event: 6.623 Thread 0x000001f15f307020 Exception <a 'java/lang/NoSuchMethodError'{0x00000000c5404e98}: 'java.lang.Object java.lang.invoke.DirectMethodHandle$Holder.newInvokeSpecial(java.lang.Object, java.lang.Object, int, java.lang.Object, int)'> (0x00000000c5404e98) 
thrown [s\src\hotspot\share\interpreter\linkResolver.cpp, line 759]
Event: 6.623 Thread 0x000001f15f307020 Exception <a 'java/lang/NoSuchMethodError'{0x00000000c5408f98}: 'java.lang.Object java.lang.invoke.DirectMethodHandle$Holder.invokeSpecial(java.lang.Object, java.lang.Object, java.lang.Object, int, java.lang.Object, int)'> (0x00000000c5408f98) 
thrown [s\src\hotspot\share\interpreter\linkResolver.cpp, line 759]
Event: 6.911 Thread 0x000001f16f1b34d0 Exception <a 'java/lang/NoSuchMethodError'{0x00000000c41a5660}: 'java.lang.Object java.lang.invoke.DirectMethodHandle$Holder.invokeStatic(java.lang.Object, int, java.lang.Object)'> (0x00000000c41a5660) 
thrown [s\src\hotspot\share\interpreter\linkResolver.cpp, line 759]
Event: 6.932 Thread 0x000001f16f25a930 Exception <a 'java/lang/NoSuchMethodError'{0x00000000c41bb288}: 'java.lang.Object java.lang.invoke.DirectMethodHandle$Holder.invokeStatic(java.lang.Object, java.lang.Object, java.lang.Object, int, java.lang.Object, java.lang.Object)'> (0x00000000c41bb288) 
thrown [s\src\hotspot\share\interpreter\linkResolver.cpp, line 759]
Event: 7.566 Thread 0x000001f16e75a040 Exception <a 'java/lang/NoSuchMethodError'{0x00000000c3a354c8}: 'int java.lang.invoke.DirectMethodHandle$Holder.invokeStatic(java.lang.Object)'> (0x00000000c3a354c8) 
thrown [s\src\hotspot\share\interpreter\linkResolver.cpp, line 759]
Event: 7.567 Thread 0x000001f16e75a040 Exception <a 'java/lang/NoSuchMethodError'{0x00000000c3a388c8}: 'int java.lang.invoke.DirectMethodHandle$Holder.invokeStaticInit(java.lang.Object)'> (0x00000000c3a388c8) 
thrown [s\src\hotspot\share\interpreter\linkResolver.cpp, line 759]
Event: 46.661 Thread 0x000001f16e719120 Exception <a 'java/lang/NoSuchMethodError'{0x00000000c7b822a8}: 'void java.lang.invoke.DirectMethodHandle$Holder.invokeStatic(java.lang.Object, long)'> (0x00000000c7b822a8) 
thrown [s\src\hotspot\share\interpreter\linkResolver.cpp, line 759]
Event: 46.662 Thread 0x000001f16e719120 Exception <a 'java/lang/NoSuchMethodError'{0x00000000c7b87650}: 'java.lang.Object java.lang.invoke.DirectMethodHandle$Holder.newInvokeSpecial(java.lang.Object, long)'> (0x00000000c7b87650) 
thrown [s\src\hotspot\share\interpreter\linkResolver.cpp, line 759]

VM Operations (20 events):
Event: 2207.139 Executing VM operation: G1CollectFull done
Event: 2217.302 Executing VM operation: G1CollectFull
Event: 2217.325 Executing VM operation: G1CollectFull done
Event: 2227.522 Executing VM operation: G1CollectFull
Event: 2227.546 Executing VM operation: G1CollectFull done
Event: 2237.723 Executing VM operation: G1CollectFull
Event: 2237.745 Executing VM operation: G1CollectFull done
Event: 2248.139 Executing VM operation: G1CollectFull
Event: 2248.164 Executing VM operation: G1CollectFull done
Event: 2258.364 Executing VM operation: G1CollectFull
Event: 2258.389 Executing VM operation: G1CollectFull done
Event: 2268.602 Executing VM operation: G1CollectFull
Event: 2268.628 Executing VM operation: G1CollectFull done
Event: 2278.845 Executing VM operation: G1CollectFull
Event: 2278.869 Executing VM operation: G1CollectFull done
Event: 2289.132 Executing VM operation: G1CollectFull
Event: 2289.158 Executing VM operation: G1CollectFull done
Event: 2299.388 Executing VM operation: G1CollectFull
Event: 2299.416 Executing VM operation: G1CollectFull done
Event: 2309.468 Executing VM operation: G1CollectFull

Events (20 events):
Event: 927.016 Thread 0x000001f16e75a550 Thread exited: 0x000001f16e75a550
Event: 1027.495 Thread 0x000001f16e75a550 Thread added: 0x000001f16e75a550
Event: 1028.166 Thread 0x000001f16e759110 Thread added: 0x000001f16e759110
Event: 1090.051 Thread 0x000001f16e759110 Thread exited: 0x000001f16e759110
Event: 1090.051 Thread 0x000001f16e75a550 Thread exited: 0x000001f16e75a550
Event: 1392.065 Thread 0x000001f16e759110 Thread added: 0x000001f16e759110
Event: 1392.372 Thread 0x000001f16e759620 Thread added: 0x000001f16e759620
Event: 1398.930 Thread 0x000001f16e75a550 Thread added: 0x000001f16e75a550
Event: 1398.962 Thread 0x000001f16e6cea40 Thread added: 0x000001f16e6cea40
Event: 1494.960 Thread 0x000001f16e6cea40 Thread exited: 0x000001f16e6cea40
Event: 1502.679 Thread 0x000001f16e759620 Thread exited: 0x000001f16e759620
Event: 1502.680 Thread 0x000001f16e759110 Thread exited: 0x000001f16e759110
Event: 1530.797 Thread 0x000001f16e759110 Thread added: 0x000001f16e759110
Event: 1590.805 Thread 0x000001f16e759110 Thread exited: 0x000001f16e759110
Event: 1716.992 Thread 0x000001f16e759110 Thread added: 0x000001f16e759110
Event: 1777.015 Thread 0x000001f16e759110 Thread exited: 0x000001f16e759110
Event: 1791.970 Thread 0x000001f16e759620 Thread added: 0x000001f16e759620
Event: 1851.985 Thread 0x000001f16e759620 Thread exited: 0x000001f16e759620
Event: 2106.292 Thread 0x000001f16e759110 Thread added: 0x000001f16e759110
Event: 2166.312 Thread 0x000001f16e759110 Thread exited: 0x000001f16e759110


Dynamic libraries:
0x00007ff701d90000 - 0x00007ff701d9e000 	c:\Users\mailc\.vscode\extensions\redhat.java-1.26.0-win32-x64\jre\17.0.9-win32-x86_64\bin\java.exe
0x00007fffd3010000 - 0x00007fffd3227000 	C:\windows\SYSTEM32\ntdll.dll
0x00007fffd1a40000 - 0x00007fffd1b04000 	C:\windows\System32\KERNEL32.DLL
0x00007fffd04b0000 - 0x00007fffd0856000 	C:\windows\System32\KERNELBASE.dll
0x00007fffd0bc0000 - 0x00007fffd0cd1000 	C:\windows\System32\ucrtbase.dll
0x00007fffc1d80000 - 0x00007fffc1d97000 	c:\Users\mailc\.vscode\extensions\redhat.java-1.26.0-win32-x64\jre\17.0.9-win32-x86_64\bin\jli.dll
0x00007fffd1720000 - 0x00007fffd18ce000 	C:\windows\System32\USER32.dll
0x00007fffd0410000 - 0x00007fffd0436000 	C:\windows\System32\win32u.dll
0x00007fffd1a10000 - 0x00007fffd1a39000 	C:\windows\System32\GDI32.dll
0x00007fffd0aa0000 - 0x00007fffd0bb8000 	C:\windows\System32\gdi32full.dll
0x00007fffd0a00000 - 0x00007fffd0a9a000 	C:\windows\System32\msvcp_win.dll
0x00007fffbdbd0000 - 0x00007fffbdbeb000 	c:\Users\mailc\.vscode\extensions\redhat.java-1.26.0-win32-x64\jre\17.0.9-win32-x86_64\bin\VCRUNTIME140.dll
0x00007fffb1e50000 - 0x00007fffb20e3000 	C:\windows\WinSxS\amd64_microsoft.windows.common-controls_6595b64144ccf1df_6.0.22621.2506_none_270c5ae97388e100\COMCTL32.dll
0x00007fffd1340000 - 0x00007fffd13e7000 	C:\windows\System32\msvcrt.dll
0x00007fffd27d0000 - 0x00007fffd2801000 	C:\windows\System32\IMM32.DLL
0x00007fffabd40000 - 0x00007fffabd4c000 	c:\Users\mailc\.vscode\extensions\redhat.java-1.26.0-win32-x64\jre\17.0.9-win32-x86_64\bin\vcruntime140_1.dll
0x00007fff3d050000 - 0x00007fff3d0dd000 	c:\Users\mailc\.vscode\extensions\redhat.java-1.26.0-win32-x64\jre\17.0.9-win32-x86_64\bin\msvcp140.dll
0x00007fff30440000 - 0x00007fff310a1000 	c:\Users\mailc\.vscode\extensions\redhat.java-1.26.0-win32-x64\jre\17.0.9-win32-x86_64\bin\server\jvm.dll
0x00007fffd1580000 - 0x00007fffd1633000 	C:\windows\System32\ADVAPI32.dll
0x00007fffd18d0000 - 0x00007fffd1978000 	C:\windows\System32\sechost.dll
0x00007fffd0860000 - 0x00007fffd0888000 	C:\windows\System32\bcrypt.dll
0x00007fffd1d40000 - 0x00007fffd1e57000 	C:\windows\System32\RPCRT4.dll
0x00007fff95a60000 - 0x00007fff95a69000 	C:\windows\SYSTEM32\WSOCK32.dll
0x00007fffc2a80000 - 0x00007fffc2ab4000 	C:\windows\SYSTEM32\WINMM.dll
0x00007fffd11c0000 - 0x00007fffd1231000 	C:\windows\System32\WS2_32.dll
0x00007fffc1b60000 - 0x00007fffc1b6a000 	C:\windows\SYSTEM32\VERSION.dll
0x00007fffcf940000 - 0x00007fffcf98d000 	C:\windows\SYSTEM32\POWRPROF.dll
0x00007fffcf8d0000 - 0x00007fffcf8e3000 	C:\windows\SYSTEM32\UMPDC.dll
0x00007fffcf3c0000 - 0x00007fffcf3d8000 	C:\windows\SYSTEM32\kernel.appcore.dll
0x00007fffabd30000 - 0x00007fffabd3a000 	c:\Users\mailc\.vscode\extensions\redhat.java-1.26.0-win32-x64\jre\17.0.9-win32-x86_64\bin\jimage.dll
0x00007fffcd9c0000 - 0x00007fffcdbf3000 	C:\windows\SYSTEM32\DBGHELP.DLL
0x00007fffd0db0000 - 0x00007fffd1139000 	C:\windows\System32\combase.dll
0x00007fffd1640000 - 0x00007fffd1717000 	C:\windows\System32\OLEAUT32.dll
0x00007fffab940000 - 0x00007fffab972000 	C:\windows\SYSTEM32\dbgcore.DLL
0x00007fffd0ce0000 - 0x00007fffd0d5a000 	C:\windows\System32\bcryptPrimitives.dll
0x00007fff96680000 - 0x00007fff966a5000 	c:\Users\mailc\.vscode\extensions\redhat.java-1.26.0-win32-x64\jre\17.0.9-win32-x86_64\bin\java.dll
0x00007fff966c0000 - 0x00007fff966d8000 	c:\Users\mailc\.vscode\extensions\redhat.java-1.26.0-win32-x64\jre\17.0.9-win32-x86_64\bin\zip.dll
0x00007fffd1f70000 - 0x00007fffd27ca000 	C:\windows\System32\SHELL32.dll
0x00007fffce250000 - 0x00007fffceb46000 	C:\windows\SYSTEM32\windows.storage.dll
0x00007fffce110000 - 0x00007fffce24e000 	C:\windows\SYSTEM32\wintypes.dll
0x00007fffd2ed0000 - 0x00007fffd2fc3000 	C:\windows\System32\SHCORE.dll
0x00007fffd1160000 - 0x00007fffd11be000 	C:\windows\System32\shlwapi.dll
0x00007fffd0280000 - 0x00007fffd02a6000 	C:\windows\SYSTEM32\profapi.dll
0x00007fff95ad0000 - 0x00007fff95ae9000 	C:\Users\mailc\.vscode\extensions\redhat.java-1.26.0-win32-x64\jre\17.0.9-win32-x86_64\bin\net.dll
0x00007fffc7e30000 - 0x00007fffc7f67000 	C:\windows\SYSTEM32\WINHTTP.dll
0x00007fffcf860000 - 0x00007fffcf8c9000 	C:\windows\system32\mswsock.dll
0x00007fff8fcc0000 - 0x00007fff8fcd6000 	C:\Users\mailc\.vscode\extensions\redhat.java-1.26.0-win32-x64\jre\17.0.9-win32-x86_64\bin\nio.dll
0x00007fffcfb40000 - 0x00007fffcfb5b000 	C:\windows\SYSTEM32\CRYPTSP.dll
0x00007fffcf2b0000 - 0x00007fffcf2e5000 	C:\windows\system32\rsaenh.dll
0x00007fffcf9c0000 - 0x00007fffcf9ec000 	C:\windows\SYSTEM32\USERENV.dll
0x00007fffcfb60000 - 0x00007fffcfb6c000 	C:\windows\SYSTEM32\CRYPTBASE.dll
0x00007fffcedf0000 - 0x00007fffcee1d000 	C:\windows\SYSTEM32\IPHLPAPI.DLL
0x00007fffd1570000 - 0x00007fffd1579000 	C:\windows\System32\NSI.dll
0x00007fffca220000 - 0x00007fffca239000 	C:\windows\SYSTEM32\dhcpcsvc6.DLL
0x00007fffc7f80000 - 0x00007fffc7f9f000 	C:\windows\SYSTEM32\dhcpcsvc.DLL
0x00007fffcee20000 - 0x00007fffcef19000 	C:\windows\SYSTEM32\DNSAPI.dll
0x00007fffabd00000 - 0x00007fffabd10000 	c:\Users\mailc\.vscode\extensions\redhat.java-1.26.0-win32-x64\jre\17.0.9-win32-x86_64\bin\verify.dll
0x00007fffabd90000 - 0x00007fffabd99000 	C:\Users\mailc\.vscode\extensions\redhat.java-1.26.0-win32-x64\jre\17.0.9-win32-x86_64\bin\management.dll
0x00007fffabd80000 - 0x00007fffabd8b000 	C:\Users\mailc\.vscode\extensions\redhat.java-1.26.0-win32-x64\jre\17.0.9-win32-x86_64\bin\management_ext.dll
0x00007fffd2810000 - 0x00007fffd2818000 	C:\windows\System32\PSAPI.DLL

dbghelp: loaded successfully - version: 4.0.5 - missing functions: none
symbol engine: initialized successfully - sym options: 0x614 - pdb path: .;c:\Users\mailc\.vscode\extensions\redhat.java-1.26.0-win32-x64\jre\17.0.9-win32-x86_64\bin;C:\windows\SYSTEM32;C:\windows\WinSxS\amd64_microsoft.windows.common-controls_6595b64144ccf1df_6.0.22621.2506_none_270c5ae97388e100;c:\Users\mailc\.vscode\extensions\redhat.java-1.26.0-win32-x64\jre\17.0.9-win32-x86_64\bin\server

VM Arguments:
jvm_args: -XX:+HeapDumpOnOutOfMemoryError -Xmx1024m -Dsts.lsp.client=vscode -Dsts.log.file=/dev/null -XX:TieredStopAtLevel=1 -Xlog:jni+resolve=off -Dspring.config.location=file:c:\Users\mailc\.vscode\extensions\vmware.vscode-spring-boot-1.51.0\language-server\BOOT-INF\classes\application.properties 
java_command: org.springframework.ide.vscode.boot.app.BootLanguageServerBootApp
java_class_path (initial): c:\Users\mailc\.vscode\extensions\vmware.vscode-spring-boot-1.51.0\language-server\BOOT-INF\classes;c:\Users\mailc\.vscode\extensions\vmware.vscode-spring-boot-1.51.0\language-server\BOOT-INF\lib\annotations-24.1.0.jar;c:\Users\mailc\.vscode\extensions\vmware.vscode-spring-boot-1.51.0\language-server\BOOT-INF\lib\antlr-runtime-3.5.3.jar;c:\Users\mailc\.vscode\extensions\vmware.vscode-spring-boot-1.51.0\language-server\BOOT-INF\lib\antlr4-4.11.1.jar;c:\Users\mailc\.vscode\extensions\vmware.vscode-spring-boot-1.51.0\language-server\BOOT-INF\lib\antlr4-runtime-4.11.1.jar;c:\Users\mailc\.vscode\extensions\vmware.vscode-spring-boot-1.51.0\language-server\BOOT-INF\lib\asm-9.6.jar;c:\Users\mailc\.vscode\extensions\vmware.vscode-spring-boot-1.51.0\language-server\BOOT-INF\lib\asm-analysis-9.6.jar;c:\Users\mailc\.vscode\extensions\vmware.vscode-spring-boot-1.51.0\language-server\BOOT-INF\lib\asm-tree-9.6.jar;c:\Users\mailc\.vscode\extensions\vmware.vscode-spring-boot-1.51.0\language-server\BOOT-INF\lib\asm-util-9.6.jar;c:\Users\mailc\.vscode\extensions\vmware.vscode-spring-boot-1.51.0\language-server\BOOT-INF\lib\bosh-language-server-1.51.0-SNAPSHOT.jar;c:\Users\mailc\.vscode\extensions\vmware.vscode-spring-boot-1.51.0\language-server\BOOT-INF\lib\caffeine-3.1.8.jar;c:\Users\mailc\.vscode\extensions\vmware.vscode-spring-boot-1.51.0\language-server\BOOT-INF\lib\checker-qual-3.12.0.jar;c:\Users\mailc\.vscode\extensions\vmware.vscode-spring-boot-1.51.0\language-server\BOOT-INF\lib\classgraph-4.8.149.jar;c:\Users\mailc\.vscode\extensions\vmware.vscode-spring-boot-1.51.0\language-server\BOOT-INF\lib\commons-codec-1.15.jar;c:\Users\mailc\.vscode\extensions\vmware.vscode-spring-boot-1.51.0\language-server\BOOT-INF\lib\commons-compress-1.25.0.jar;c:\Users\mailc\.vscode\extensions\vmware.vscode-spring-boot-1.51.0\language-server\BOOT-INF\lib\commons-io-2.4.jar;c:\Users\mailc\.vscode\extensions\vmware.vscode-spring-boot-1.51.0\language-server\BOOT-INF\lib\
Launcher Type: SUN_STANDARD

[Global flags]
     intx CICompilerCount                          = 3                                         {product} {ergonomic}
     uint ConcGCThreads                            = 1                                         {product} {ergonomic}
     uint G1ConcRefinementThreads                  = 4                                         {product} {ergonomic}
   size_t G1HeapRegionSize                         = 1048576                                   {product} {ergonomic}
    uintx GCDrainStackTargetSize                   = 64                                        {product} {ergonomic}
     bool HeapDumpOnOutOfMemoryError               = true                                   {manageable} {command line}
   size_t InitialHeapSize                          = 130023424                                 {product} {ergonomic}
   size_t MarkStackSize                            = 4194304                                   {product} {ergonomic}
   size_t MaxHeapSize                              = 1073741824                                {product} {command line}
   size_t MaxNewSize                               = 643825664                                 {product} {ergonomic}
   size_t MinHeapDeltaBytes                        = 1048576                                   {product} {ergonomic}
   size_t MinHeapSize                              = 8388608                                   {product} {ergonomic}
    uintx NonProfiledCodeHeapSize                  = 0                                      {pd product} {ergonomic}
     bool ProfileInterpreter                       = false                                  {pd product} {command line}
    uintx ProfiledCodeHeapSize                     = 0                                      {pd product} {ergonomic}
   size_t SoftMaxHeapSize                          = 1073741824                             {manageable} {ergonomic}
     intx TieredStopAtLevel                        = 1                                         {product} {command line}
     bool UseCompressedClassPointers               = true                           {product lp64_product} {ergonomic}
     bool UseCompressedOops                        = true                           {product lp64_product} {ergonomic}
     bool UseG1GC                                  = true                                      {product} {ergonomic}
     bool UseLargePagesIndividualAllocation        = false                                  {pd product} {ergonomic}

Logging:
Log output configuration:
 #0: stdout all=warning,jni+resolve=off uptime,level,tags
 #1: stderr all=off uptime,level,tags

Environment Variables:
PATH=C:\Program Files\Common Files\Oracle\Java\javapath;C:\windows\system32;C:\windows;C:\windows\System32\Wbem;C:\windows\System32\WindowsPowerShell\v1.0\;C:\windows\System32\OpenSSH\;C:\Program Files\Docker\Docker\resources\bin;C:\Program Files\Git\cmd;C:\Program Files\flutter\bin;C:\Program Files\nodejs\;C:\Program Files\apache-maven-3.9.4\bin;C:\Users\mailc\AppData\Local\Programs\Python\Python311\Scripts\;C:\Users\mailc\AppData\Local\Programs\Python\Python311\;C:\Users\mailc\AppData\Local\Microsoft\WindowsApps;C:\Users\mailc\AppData\Local\Programs\Microsoft VS Code\bin;C:\Program Files\flutter\bin;C:\Users\mailc\AppData\Roaming\npm
USERNAME=mailc
OS=Windows_NT
PROCESSOR_IDENTIFIER=Intel64 Family 6 Model 140 Stepping 2, GenuineIntel
TMP=C:\Users\mailc\AppData\Local\Temp
TEMP=C:\Users\mailc\AppData\Local\Temp



Periodic native trim disabled


---------------  S Y S T E M  ---------------

OS:
 Windows 11 , 64 bit Build 22621 (10.0.22621.2506)
OS uptime: 0 days 2:06 hours
Hyper-V role detected

CPU: total 4 (initial active 4) (2 cores per cpu, 2 threads per core) family 6 model 140 stepping 2 microcode 0x2a, cx8, cmov, fxsr, ht, mmx, 3dnowpref, sse, sse2, sse3, ssse3, sse4.1, sse4.2, popcnt, lzcnt, tsc, tscinvbit, avx, avx2, aes, erms, clmul, bmi1, bmi2, adx, avx512f, avx512dq, avx512cd, avx512bw, avx512vl, sha, fma, vzeroupper, avx512_vpopcntdq, avx512_vpclmulqdq, avx512_vaes, avx512_vnni, clflush, clflushopt, clwb, avx512_vbmi2, avx512_vbmi, hv
Processor Information for all 4 processors :
  Max Mhz: 2901, Current Mhz: 2901, Mhz Limit: 2901

Memory: 4k page, system-wide physical 7835M (352M free)
TotalPageFile size 31387M (AvailPageFile size 5M)
current process WorkingSet (physical memory assigned to process): 41M, peak: 173M
current process commit charge ("private bytes"): 199M, peak: 220M

vm_info: OpenJDK 64-Bit Server VM (17.0.9+9) for windows-amd64 JRE (17.0.9+9), built on Oct 26 2023 14:01:42 by "admin" with MS VC++ 16.10 / 16.11 (VS2019)

END.
